{"numFailedTestSuites":1,"numFailedTests":2,"numPassedTestSuites":0,"numPassedTests":1,"numPendingTestSuites":0,"numPendingTests":0,"numRuntimeErrorTestSuites":0,"numTodoTests":0,"numTotalTestSuites":1,"numTotalTests":3,"openHandles":[],"snapshot":{"added":0,"didUpdate":false,"failure":false,"filesAdded":0,"filesRemoved":0,"filesRemovedList":[],"filesUnmatched":0,"filesUpdated":0,"matched":0,"total":0,"unchecked":0,"uncheckedKeysByFile":[],"unmatched":0,"updated":0},"startTime":1712000216456,"success":false,"testResults":[{"assertionResults":[{"ancestorTitles":["Tests for app_cancel"],"duration":2,"failureDetails":[],"failureMessages":[],"fullName":"Tests for app_cancel 2 + 2 is 4","invocations":1,"location":null,"numPassingAsserts":1,"retryReasons":[],"status":"passed","title":"2 + 2 is 4"},{"ancestorTitles":["Tests for app_cancel"],"duration":2,"failureDetails":[{"matcherResult":{"actual":5,"expected":4,"message":"expect(received).toBe(expected) // Object.is equality\n\nExpected: 4\nReceived: 5","name":"toBe","pass":false}}],"failureMessages":["Error: expect(received).toBe(expected) // Object.is equality\n\nExpected: 4\nReceived: 5\n    at Object.toBe (/Users/houghtons@moravian.edu/Desktop/projects/gh_actions/comment-jest-reports/tests/add.test.js:9:22)\n    at Promise.then.completed (/Users/houghtons@moravian.edu/Desktop/projects/gh_actions/comment-jest-reports/node_modules/jest-circus/build/utils.js:298:28)\n    at new Promise (<anonymous>)\n    at callAsyncCircusFn (/Users/houghtons@moravian.edu/Desktop/projects/gh_actions/comment-jest-reports/node_modules/jest-circus/build/utils.js:231:10)\n    at _callCircusTest (/Users/houghtons@moravian.edu/Desktop/projects/gh_actions/comment-jest-reports/node_modules/jest-circus/build/run.js:316:40)\n    at processTicksAndRejections (node:internal/process/task_queues:95:5)\n    at _runTest (/Users/houghtons@moravian.edu/Desktop/projects/gh_actions/comment-jest-reports/node_modules/jest-circus/build/run.js:252:3)\n    at _runTestsForDescribeBlock (/Users/houghtons@moravian.edu/Desktop/projects/gh_actions/comment-jest-reports/node_modules/jest-circus/build/run.js:126:9)\n    at _runTestsForDescribeBlock (/Users/houghtons@moravian.edu/Desktop/projects/gh_actions/comment-jest-reports/node_modules/jest-circus/build/run.js:121:9)\n    at run (/Users/houghtons@moravian.edu/Desktop/projects/gh_actions/comment-jest-reports/node_modules/jest-circus/build/run.js:71:3)\n    at runAndTransformResultsToJestFormat (/Users/houghtons@moravian.edu/Desktop/projects/gh_actions/comment-jest-reports/node_modules/jest-circus/build/legacy-code-todo-rewrite/jestAdapterInit.js:122:21)\n    at jestAdapter (/Users/houghtons@moravian.edu/Desktop/projects/gh_actions/comment-jest-reports/node_modules/jest-circus/build/legacy-code-todo-rewrite/jestAdapter.js:79:19)\n    at runTestInternal (/Users/houghtons@moravian.edu/Desktop/projects/gh_actions/comment-jest-reports/node_modules/jest-runner/build/runTest.js:367:16)\n    at runTest (/Users/houghtons@moravian.edu/Desktop/projects/gh_actions/comment-jest-reports/node_modules/jest-runner/build/runTest.js:444:34)"],"fullName":"Tests for app_cancel 2 + 2 is 4","invocations":1,"location":null,"numPassingAsserts":0,"retryReasons":[],"status":"failed","title":"2 + 2 is 4"},{"ancestorTitles":["Tests for app_cancel"],"duration":1,"failureDetails":[{"matcherResult":{"actual":8,"expected":5,"message":"expect(received).toBe(expected) // Object.is equality\n\nExpected: 5\nReceived: 8","name":"toBe","pass":false}}],"failureMessages":["Error: expect(received).toBe(expected) // Object.is equality\n\nExpected: 5\nReceived: 8\n    at Object.toBe (/Users/houghtons@moravian.edu/Desktop/projects/gh_actions/comment-jest-reports/tests/add.test.js:13:22)\n    at Promise.then.completed (/Users/houghtons@moravian.edu/Desktop/projects/gh_actions/comment-jest-reports/node_modules/jest-circus/build/utils.js:298:28)\n    at new Promise (<anonymous>)\n    at callAsyncCircusFn (/Users/houghtons@moravian.edu/Desktop/projects/gh_actions/comment-jest-reports/node_modules/jest-circus/build/utils.js:231:10)\n    at _callCircusTest (/Users/houghtons@moravian.edu/Desktop/projects/gh_actions/comment-jest-reports/node_modules/jest-circus/build/run.js:316:40)\n    at processTicksAndRejections (node:internal/process/task_queues:95:5)\n    at _runTest (/Users/houghtons@moravian.edu/Desktop/projects/gh_actions/comment-jest-reports/node_modules/jest-circus/build/run.js:252:3)\n    at _runTestsForDescribeBlock (/Users/houghtons@moravian.edu/Desktop/projects/gh_actions/comment-jest-reports/node_modules/jest-circus/build/run.js:126:9)\n    at _runTestsForDescribeBlock (/Users/houghtons@moravian.edu/Desktop/projects/gh_actions/comment-jest-reports/node_modules/jest-circus/build/run.js:121:9)\n    at run (/Users/houghtons@moravian.edu/Desktop/projects/gh_actions/comment-jest-reports/node_modules/jest-circus/build/run.js:71:3)\n    at runAndTransformResultsToJestFormat (/Users/houghtons@moravian.edu/Desktop/projects/gh_actions/comment-jest-reports/node_modules/jest-circus/build/legacy-code-todo-rewrite/jestAdapterInit.js:122:21)\n    at jestAdapter (/Users/houghtons@moravian.edu/Desktop/projects/gh_actions/comment-jest-reports/node_modules/jest-circus/build/legacy-code-todo-rewrite/jestAdapter.js:79:19)\n    at runTestInternal (/Users/houghtons@moravian.edu/Desktop/projects/gh_actions/comment-jest-reports/node_modules/jest-runner/build/runTest.js:367:16)\n    at runTest (/Users/houghtons@moravian.edu/Desktop/projects/gh_actions/comment-jest-reports/node_modules/jest-runner/build/runTest.js:444:34)"],"fullName":"Tests for app_cancel 2 + 2 is 5","invocations":1,"location":null,"numPassingAsserts":0,"retryReasons":[],"status":"failed","title":"2 + 2 is 5"}],"endTime":1712000216659,"message":"  ● Tests for app_cancel › 2 + 2 is 4\n\n    expect(received).toBe(expected) // Object.is equality\n\n    Expected: 4\n    Received: 5\n\n       7 |\n       8 |   test('2 + 2 is 4', async () => {\n    >  9 |     expect(add(2,3)).toBe(4);\n         |                      ^\n      10 |   });\n      11 |\n      12 |   test('2 + 2 is 5', async () => {\n\n      at Object.toBe (tests/add.test.js:9:22)\n\n  ● Tests for app_cancel › 2 + 2 is 5\n\n    expect(received).toBe(expected) // Object.is equality\n\n    Expected: 5\n    Received: 8\n\n      11 |\n      12 |   test('2 + 2 is 5', async () => {\n    > 13 |     expect(add(2,6)).toBe(5);\n         |                      ^\n      14 |   });\n      15 | });\n\n      at Object.toBe (tests/add.test.js:13:22)\n","name":"/Users/houghtons@moravian.edu/Desktop/projects/gh_actions/comment-jest-reports/tests/add.test.js","startTime":1712000216478,"status":"failed","summary":""}],"wasInterrupted":false,"coverageMap":{"/Users/houghtons@moravian.edu/Desktop/projects/gh_actions/comment-jest-reports/src/mocks/add.js":{"path":"/Users/houghtons@moravian.edu/Desktop/projects/gh_actions/comment-jest-reports/src/mocks/add.js","statementMap":{"0":{"start":{"line":1,"column":0},"end":{"line":3,"column":1}},"1":{"start":{"line":2,"column":2},"end":{"line":2,"column":35}}},"fnMap":{"0":{"name":"(anonymous_0)","decl":{"start":{"line":1,"column":14},"end":{"line":1,"column":15}},"loc":{"start":{"line":1,"column":24},"end":{"line":3,"column":1}},"line":1}},"branchMap":{},"s":{"0":1,"1":3},"f":{"0":3},"b":{},"_coverageSchema":"1a1c01bbd47fc00a2c39e90264f33305004495a9","hash":"987328a588d429e712f0af675571df869135f0fd"},"/Users/houghtons@moravian.edu/Desktop/projects/gh_actions/comment-jest-reports/src/mocks/subtract.js":{"path":"/Users/houghtons@moravian.edu/Desktop/projects/gh_actions/comment-jest-reports/src/mocks/subtract.js","statementMap":{"0":{"start":{"line":1,"column":0},"end":{"line":3,"column":1}},"1":{"start":{"line":2,"column":2},"end":{"line":2,"column":35}}},"fnMap":{"0":{"name":"(anonymous_0)","decl":{"start":{"line":1,"column":19},"end":{"line":1,"column":20}},"loc":{"start":{"line":1,"column":29},"end":{"line":3,"column":1}},"line":1}},"branchMap":{},"s":{"0":0,"1":0},"f":{"0":0},"b":{}},"/Users/houghtons@moravian.edu/Desktop/projects/gh_actions/comment-jest-reports/src/index.js":{"path":"/Users/houghtons@moravian.edu/Desktop/projects/gh_actions/comment-jest-reports/src/index.js","statementMap":{"0":{"start":{"line":1,"column":14},"end":{"line":1,"column":32}},"1":{"start":{"line":7,"column":4},"end":{"line":7,"column":24}},"2":{"start":{"line":9,"column":21},"end":{"line":9,"column":24}},"3":{"start":{"line":11,"column":22},"end":{"line":44,"column":1}},"4":{"start":{"line":12,"column":2},"end":{"line":43,"column":3}},"5":{"start":{"line":13,"column":4},"end":{"line":13,"column":24}},"6":{"start":{"line":14,"column":4},"end":{"line":14,"column":39}},"7":{"start":{"line":15,"column":20},"end":{"line":15,"column":61}},"8":{"start":{"line":16,"column":21},"end":{"line":16,"column":66}},"9":{"start":{"line":18,"column":4},"end":{"line":27,"column":5}},"10":{"start":{"line":19,"column":6},"end":{"line":19,"column":79}},"11":{"start":{"line":21,"column":6},"end":{"line":21,"column":79}},"12":{"start":{"line":22,"column":6},"end":{"line":24,"column":8}},"13":{"start":{"line":25,"column":6},"end":{"line":25,"column":60}},"14":{"start":{"line":26,"column":6},"end":{"line":26,"column":42}},"15":{"start":{"line":28,"column":38},"end":{"line":28,"column":46}},"16":{"start":{"line":29,"column":55},"end":{"line":29,"column":60}},"17":{"start":{"line":30,"column":4},"end":{"line":40,"column":5}},"18":{"start":{"line":36,"column":6},"end":{"line":36,"column":78}},"19":{"start":{"line":37,"column":6},"end":{"line":37,"column":78}},"20":{"start":{"line":38,"column":6},"end":{"line":38,"column":54}},"21":{"start":{"line":39,"column":6},"end":{"line":39,"column":37}},"22":{"start":{"line":42,"column":4},"end":{"line":42,"column":25}},"23":{"start":{"line":46,"column":0},"end":{"line":46,"column":16}}},"fnMap":{"0":{"name":"(anonymous_0)","decl":{"start":{"line":11,"column":22},"end":{"line":11,"column":23}},"loc":{"start":{"line":11,"column":34},"end":{"line":44,"column":1}},"line":11}},"branchMap":{"0":{"loc":{"start":{"line":18,"column":4},"end":{"line":27,"column":5}},"type":"if","locations":[{"start":{"line":18,"column":4},"end":{"line":27,"column":5}},{"start":{"line":20,"column":11},"end":{"line":27,"column":5}}],"line":18},"1":{"loc":{"start":{"line":18,"column":8},"end":{"line":18,"column":73}},"type":"binary-expr","locations":[{"start":{"line":18,"column":8},"end":{"line":18,"column":36}},{"start":{"line":18,"column":40},"end":{"line":18,"column":73}}],"line":18},"2":{"loc":{"start":{"line":30,"column":4},"end":{"line":40,"column":5}},"type":"if","locations":[{"start":{"line":30,"column":4},"end":{"line":40,"column":5}},{"start":{},"end":{}}],"line":30},"3":{"loc":{"start":{"line":31,"column":6},"end":{"line":34,"column":33}},"type":"binary-expr","locations":[{"start":{"line":31,"column":6},"end":{"line":31,"column":30}},{"start":{"line":32,"column":6},"end":{"line":32,"column":35}},{"start":{"line":33,"column":6},"end":{"line":33,"column":34}},{"start":{"line":34,"column":6},"end":{"line":34,"column":33}}],"line":31}},"s":{"0":0,"1":0,"2":0,"3":0,"4":0,"5":0,"6":0,"7":0,"8":0,"9":0,"10":0,"11":0,"12":0,"13":0,"14":0,"15":0,"16":0,"17":0,"18":0,"19":0,"20":0,"21":0,"22":0,"23":0},"f":{"0":0},"b":{"0":[0,0],"1":[0,0],"2":[0,0],"3":[0,0,0,0]}},"/Users/houghtons@moravian.edu/Desktop/projects/gh_actions/comment-jest-reports/src/helpers.js":{"path":"/Users/houghtons@moravian.edu/Desktop/projects/gh_actions/comment-jest-reports/src/helpers.js","statementMap":{"0":{"start":{"line":1,"column":21},"end":{"line":1,"column":43}},"1":{"start":{"line":2,"column":11},"end":{"line":2,"column":24}},"2":{"start":{"line":4,"column":0},"end":{"line":7,"column":2}},"3":{"start":{"line":5,"column":15},"end":{"line":5,"column":48}},"4":{"start":{"line":6,"column":2},"end":{"line":6,"column":26}},"5":{"start":{"line":9,"column":0},"end":{"line":19,"column":2}},"6":{"start":{"line":10,"column":21},"end":{"line":10,"column":25}},"7":{"start":{"line":11,"column":2},"end":{"line":11,"column":36}},"8":{"start":{"line":11,"column":15},"end":{"line":11,"column":36}},"9":{"start":{"line":12,"column":2},"end":{"line":18,"column":5}},"10":{"start":{"line":13,"column":4},"end":{"line":16,"column":5}},"11":{"start":{"line":14,"column":6},"end":{"line":14,"column":53}},"12":{"start":{"line":15,"column":6},"end":{"line":15,"column":13}},"13":{"start":{"line":17,"column":4},"end":{"line":17,"column":51}},"14":{"start":{"line":21,"column":0},"end":{"line":29,"column":2}},"15":{"start":{"line":22,"column":20},"end":{"line":22,"column":22}},"16":{"start":{"line":23,"column":2},"end":{"line":27,"column":5}},"17":{"start":{"line":24,"column":4},"end":{"line":26,"column":5}},"18":{"start":{"line":25,"column":6},"end":{"line":25,"column":39}},"19":{"start":{"line":28,"column":2},"end":{"line":28,"column":39}},"20":{"start":{"line":31,"column":0},"end":{"line":46,"column":2}},"21":{"start":{"line":32,"column":2},"end":{"line":45,"column":3}},"22":{"start":{"line":33,"column":4},"end":{"line":44,"column":5}},"23":{"start":{"line":34,"column":57},"end":{"line":34,"column":70}},"24":{"start":{"line":35,"column":6},"end":{"line":43,"column":7}},"25":{"start":{"line":41,"column":8},"end":{"line":41,"column":55}},"26":{"start":{"line":42,"column":8},"end":{"line":42,"column":72}}},"fnMap":{"0":{"name":"(anonymous_0)","decl":{"start":{"line":4,"column":23},"end":{"line":4,"column":24}},"loc":{"start":{"line":4,"column":43},"end":{"line":7,"column":1}},"line":4},"1":{"name":"(anonymous_1)","decl":{"start":{"line":9,"column":26},"end":{"line":9,"column":27}},"loc":{"start":{"line":9,"column":58},"end":{"line":19,"column":1}},"line":9},"2":{"name":"(anonymous_2)","decl":{"start":{"line":12,"column":48},"end":{"line":12,"column":49}},"loc":{"start":{"line":12,"column":57},"end":{"line":18,"column":3}},"line":12},"3":{"name":"(anonymous_3)","decl":{"start":{"line":21,"column":25},"end":{"line":21,"column":26}},"loc":{"start":{"line":21,"column":42},"end":{"line":29,"column":1}},"line":21},"4":{"name":"(anonymous_4)","decl":{"start":{"line":23,"column":22},"end":{"line":23,"column":23}},"loc":{"start":{"line":23,"column":37},"end":{"line":27,"column":3}},"line":23},"5":{"name":"(anonymous_5)","decl":{"start":{"line":31,"column":28},"end":{"line":31,"column":29}},"loc":{"start":{"line":31,"column":56},"end":{"line":46,"column":1}},"line":31}},"branchMap":{"0":{"loc":{"start":{"line":9,"column":39},"end":{"line":9,"column":53}},"type":"default-arg","locations":[{"start":{"line":9,"column":49},"end":{"line":9,"column":53}}],"line":9},"1":{"loc":{"start":{"line":11,"column":2},"end":{"line":11,"column":36}},"type":"if","locations":[{"start":{"line":11,"column":2},"end":{"line":11,"column":36}},{"start":{},"end":{}}],"line":11},"2":{"loc":{"start":{"line":13,"column":4},"end":{"line":16,"column":5}},"type":"if","locations":[{"start":{"line":13,"column":4},"end":{"line":16,"column":5}},{"start":{},"end":{}}],"line":13},"3":{"loc":{"start":{"line":24,"column":4},"end":{"line":26,"column":5}},"type":"if","locations":[{"start":{"line":24,"column":4},"end":{"line":26,"column":5}},{"start":{},"end":{}}],"line":24},"4":{"loc":{"start":{"line":33,"column":4},"end":{"line":44,"column":5}},"type":"if","locations":[{"start":{"line":33,"column":4},"end":{"line":44,"column":5}},{"start":{},"end":{}}],"line":33},"5":{"loc":{"start":{"line":35,"column":6},"end":{"line":43,"column":7}},"type":"if","locations":[{"start":{"line":35,"column":6},"end":{"line":43,"column":7}},{"start":{},"end":{}}],"line":35},"6":{"loc":{"start":{"line":36,"column":8},"end":{"line":39,"column":31}},"type":"binary-expr","locations":[{"start":{"line":36,"column":8},"end":{"line":36,"column":32}},{"start":{"line":37,"column":8},"end":{"line":37,"column":37}},{"start":{"line":38,"column":8},"end":{"line":38,"column":36}},{"start":{"line":39,"column":8},"end":{"line":39,"column":31}}],"line":36}},"s":{"0":0,"1":0,"2":0,"3":0,"4":0,"5":0,"6":0,"7":0,"8":0,"9":0,"10":0,"11":0,"12":0,"13":0,"14":0,"15":0,"16":0,"17":0,"18":0,"19":0,"20":0,"21":0,"22":0,"23":0,"24":0,"25":0,"26":0},"f":{"0":0,"1":0,"2":0,"3":0,"4":0,"5":0},"b":{"0":[0],"1":[0,0],"2":[0,0],"3":[0,0],"4":[0,0],"5":[0,0],"6":[0,0,0,0]}}}}
