{"numFailedTestSuites":1,"numFailedTests":2,"numPassedTestSuites":0,"numPassedTests":1,"numPendingTestSuites":0,"numPendingTests":0,"numRuntimeErrorTestSuites":0,"numTodoTests":0,"numTotalTestSuites":1,"numTotalTests":3,"openHandles":[],"snapshot":{"added":0,"didUpdate":false,"failure":false,"filesAdded":0,"filesRemoved":0,"filesRemovedList":[],"filesUnmatched":0,"filesUpdated":0,"matched":0,"total":0,"unchecked":0,"uncheckedKeysByFile":[],"unmatched":0,"updated":0},"startTime":1711372903783,"success":false,"testResults":[{"assertionResults":[{"ancestorTitles":["Tests for app_cancel"],"duration":2,"failureDetails":[],"failureMessages":[],"fullName":"Tests for app_cancel 2 + 2 is 4","invocations":1,"location":null,"numPassingAsserts":1,"retryReasons":[],"status":"passed","title":"2 + 2 is 4"},{"ancestorTitles":["Tests for app_cancel"],"duration":2,"failureDetails":[{"matcherResult":{"actual":5,"expected":4,"message":"expect(received).toBe(expected) // Object.is equality\n\nExpected: 4\nReceived: 5","name":"toBe","pass":false}}],"failureMessages":["Error: expect(received).toBe(expected) // Object.is equality\n\nExpected: 4\nReceived: 5\n    at Object.toBe (/Users/houghtons@moravian.edu/Desktop/projects/gh_actions/comment-jest-reports/tests/add.test.js:9:22)\n    at Promise.then.completed (/Users/houghtons@moravian.edu/Desktop/projects/gh_actions/comment-jest-reports/node_modules/jest-circus/build/utils.js:298:28)\n    at new Promise (<anonymous>)\n    at callAsyncCircusFn (/Users/houghtons@moravian.edu/Desktop/projects/gh_actions/comment-jest-reports/node_modules/jest-circus/build/utils.js:231:10)\n    at _callCircusTest (/Users/houghtons@moravian.edu/Desktop/projects/gh_actions/comment-jest-reports/node_modules/jest-circus/build/run.js:316:40)\n    at processTicksAndRejections (node:internal/process/task_queues:95:5)\n    at _runTest (/Users/houghtons@moravian.edu/Desktop/projects/gh_actions/comment-jest-reports/node_modules/jest-circus/build/run.js:252:3)\n    at _runTestsForDescribeBlock (/Users/houghtons@moravian.edu/Desktop/projects/gh_actions/comment-jest-reports/node_modules/jest-circus/build/run.js:126:9)\n    at _runTestsForDescribeBlock (/Users/houghtons@moravian.edu/Desktop/projects/gh_actions/comment-jest-reports/node_modules/jest-circus/build/run.js:121:9)\n    at run (/Users/houghtons@moravian.edu/Desktop/projects/gh_actions/comment-jest-reports/node_modules/jest-circus/build/run.js:71:3)\n    at runAndTransformResultsToJestFormat (/Users/houghtons@moravian.edu/Desktop/projects/gh_actions/comment-jest-reports/node_modules/jest-circus/build/legacy-code-todo-rewrite/jestAdapterInit.js:122:21)\n    at jestAdapter (/Users/houghtons@moravian.edu/Desktop/projects/gh_actions/comment-jest-reports/node_modules/jest-circus/build/legacy-code-todo-rewrite/jestAdapter.js:79:19)\n    at runTestInternal (/Users/houghtons@moravian.edu/Desktop/projects/gh_actions/comment-jest-reports/node_modules/jest-runner/build/runTest.js:367:16)\n    at runTest (/Users/houghtons@moravian.edu/Desktop/projects/gh_actions/comment-jest-reports/node_modules/jest-runner/build/runTest.js:444:34)"],"fullName":"Tests for app_cancel 2 + 2 is 4","invocations":1,"location":null,"numPassingAsserts":0,"retryReasons":[],"status":"failed","title":"2 + 2 is 4"},{"ancestorTitles":["Tests for app_cancel"],"duration":1,"failureDetails":[{"matcherResult":{"actual":8,"expected":5,"message":"expect(received).toBe(expected) // Object.is equality\n\nExpected: 5\nReceived: 8","name":"toBe","pass":false}}],"failureMessages":["Error: expect(received).toBe(expected) // Object.is equality\n\nExpected: 5\nReceived: 8\n    at Object.toBe (/Users/houghtons@moravian.edu/Desktop/projects/gh_actions/comment-jest-reports/tests/add.test.js:13:22)\n    at Promise.then.completed (/Users/houghtons@moravian.edu/Desktop/projects/gh_actions/comment-jest-reports/node_modules/jest-circus/build/utils.js:298:28)\n    at new Promise (<anonymous>)\n    at callAsyncCircusFn (/Users/houghtons@moravian.edu/Desktop/projects/gh_actions/comment-jest-reports/node_modules/jest-circus/build/utils.js:231:10)\n    at _callCircusTest (/Users/houghtons@moravian.edu/Desktop/projects/gh_actions/comment-jest-reports/node_modules/jest-circus/build/run.js:316:40)\n    at processTicksAndRejections (node:internal/process/task_queues:95:5)\n    at _runTest (/Users/houghtons@moravian.edu/Desktop/projects/gh_actions/comment-jest-reports/node_modules/jest-circus/build/run.js:252:3)\n    at _runTestsForDescribeBlock (/Users/houghtons@moravian.edu/Desktop/projects/gh_actions/comment-jest-reports/node_modules/jest-circus/build/run.js:126:9)\n    at _runTestsForDescribeBlock (/Users/houghtons@moravian.edu/Desktop/projects/gh_actions/comment-jest-reports/node_modules/jest-circus/build/run.js:121:9)\n    at run (/Users/houghtons@moravian.edu/Desktop/projects/gh_actions/comment-jest-reports/node_modules/jest-circus/build/run.js:71:3)\n    at runAndTransformResultsToJestFormat (/Users/houghtons@moravian.edu/Desktop/projects/gh_actions/comment-jest-reports/node_modules/jest-circus/build/legacy-code-todo-rewrite/jestAdapterInit.js:122:21)\n    at jestAdapter (/Users/houghtons@moravian.edu/Desktop/projects/gh_actions/comment-jest-reports/node_modules/jest-circus/build/legacy-code-todo-rewrite/jestAdapter.js:79:19)\n    at runTestInternal (/Users/houghtons@moravian.edu/Desktop/projects/gh_actions/comment-jest-reports/node_modules/jest-runner/build/runTest.js:367:16)\n    at runTest (/Users/houghtons@moravian.edu/Desktop/projects/gh_actions/comment-jest-reports/node_modules/jest-runner/build/runTest.js:444:34)"],"fullName":"Tests for app_cancel 2 + 2 is 5","invocations":1,"location":null,"numPassingAsserts":0,"retryReasons":[],"status":"failed","title":"2 + 2 is 5"}],"endTime":1711372904003,"message":"  ● Tests for app_cancel › 2 + 2 is 4\n\n    expect(received).toBe(expected) // Object.is equality\n\n    Expected: 4\n    Received: 5\n\n       7 |\n       8 |   test('2 + 2 is 4', async () => {\n    >  9 |     expect(add(2,3)).toBe(4);\n         |                      ^\n      10 |   });\n      11 |\n      12 |   test('2 + 2 is 5', async () => {\n\n      at Object.toBe (tests/add.test.js:9:22)\n\n  ● Tests for app_cancel › 2 + 2 is 5\n\n    expect(received).toBe(expected) // Object.is equality\n\n    Expected: 5\n    Received: 8\n\n      11 |\n      12 |   test('2 + 2 is 5', async () => {\n    > 13 |     expect(add(2,6)).toBe(5);\n         |                      ^\n      14 |   });\n      15 | });\n\n      at Object.toBe (tests/add.test.js:13:22)\n","name":"/Users/houghtons@moravian.edu/Desktop/projects/gh_actions/comment-jest-reports/tests/add.test.js","startTime":1711372903813,"status":"failed","summary":""}],"wasInterrupted":false,"coverageMap":{"/Users/houghtons@moravian.edu/Desktop/projects/gh_actions/comment-jest-reports/src/add.js":{"path":"/Users/houghtons@moravian.edu/Desktop/projects/gh_actions/comment-jest-reports/src/add.js","statementMap":{"0":{"start":{"line":1,"column":0},"end":{"line":3,"column":1}},"1":{"start":{"line":2,"column":2},"end":{"line":2,"column":35}}},"fnMap":{"0":{"name":"(anonymous_0)","decl":{"start":{"line":1,"column":14},"end":{"line":1,"column":15}},"loc":{"start":{"line":1,"column":24},"end":{"line":3,"column":1}},"line":1}},"branchMap":{},"s":{"0":1,"1":3},"f":{"0":3},"b":{},"_coverageSchema":"1a1c01bbd47fc00a2c39e90264f33305004495a9","hash":"26692bf5c91b83cab98b0d770f7e07c112751684"},"/Users/houghtons@moravian.edu/Desktop/projects/gh_actions/comment-jest-reports/src/subtract.js":{"path":"/Users/houghtons@moravian.edu/Desktop/projects/gh_actions/comment-jest-reports/src/subtract.js","statementMap":{"0":{"start":{"line":1,"column":0},"end":{"line":3,"column":1}},"1":{"start":{"line":2,"column":2},"end":{"line":2,"column":35}}},"fnMap":{"0":{"name":"(anonymous_0)","decl":{"start":{"line":1,"column":19},"end":{"line":1,"column":20}},"loc":{"start":{"line":1,"column":29},"end":{"line":3,"column":1}},"line":1}},"branchMap":{},"s":{"0":0,"1":0},"f":{"0":0},"b":{}},"/Users/houghtons@moravian.edu/Desktop/projects/gh_actions/comment-jest-reports/src/index.js":{"path":"/Users/houghtons@moravian.edu/Desktop/projects/gh_actions/comment-jest-reports/src/index.js","statementMap":{"0":{"start":{"line":5,"column":21},"end":{"line":5,"column":24}},"1":{"start":{"line":7,"column":21},"end":{"line":10,"column":1}},"2":{"start":{"line":8,"column":15},"end":{"line":8,"column":48}},"3":{"start":{"line":9,"column":2},"end":{"line":9,"column":26}},"4":{"start":{"line":12,"column":24},"end":{"line":22,"column":1}},"5":{"start":{"line":13,"column":21},"end":{"line":13,"column":25}},"6":{"start":{"line":14,"column":2},"end":{"line":14,"column":36}},"7":{"start":{"line":14,"column":15},"end":{"line":14,"column":36}},"8":{"start":{"line":15,"column":2},"end":{"line":21,"column":5}},"9":{"start":{"line":16,"column":4},"end":{"line":19,"column":5}},"10":{"start":{"line":17,"column":6},"end":{"line":17,"column":53}},"11":{"start":{"line":18,"column":6},"end":{"line":18,"column":13}},"12":{"start":{"line":20,"column":4},"end":{"line":20,"column":51}},"13":{"start":{"line":24,"column":28},"end":{"line":33,"column":1}},"14":{"start":{"line":25,"column":20},"end":{"line":25,"column":22}},"15":{"start":{"line":27,"column":2},"end":{"line":31,"column":4}},"16":{"start":{"line":28,"column":4},"end":{"line":30,"column":5}},"17":{"start":{"line":29,"column":6},"end":{"line":29,"column":39}},"18":{"start":{"line":32,"column":2},"end":{"line":32,"column":21}},"19":{"start":{"line":35,"column":24},"end":{"line":50,"column":1}},"20":{"start":{"line":36,"column":2},"end":{"line":49,"column":1}},"21":{"start":{"line":37,"column":4},"end":{"line":48,"column":5}},"22":{"start":{"line":38,"column":57},"end":{"line":38,"column":70}},"23":{"start":{"line":39,"column":6},"end":{"line":47,"column":9}},"24":{"start":{"line":45,"column":10},"end":{"line":45,"column":49}},"25":{"start":{"line":46,"column":10},"end":{"line":46,"column":66}},"26":{"start":{"line":52,"column":0},"end":{"line":81,"column":1}},"27":{"start":{"line":53,"column":2},"end":{"line":53,"column":37}},"28":{"start":{"line":54,"column":18},"end":{"line":54,"column":59}},"29":{"start":{"line":55,"column":19},"end":{"line":55,"column":64}},"30":{"start":{"line":57,"column":2},"end":{"line":64,"column":3}},"31":{"start":{"line":58,"column":4},"end":{"line":58,"column":77}},"32":{"start":{"line":60,"column":4},"end":{"line":60,"column":76}},"33":{"start":{"line":61,"column":4},"end":{"line":61,"column":94}},"34":{"start":{"line":62,"column":4},"end":{"line":62,"column":57}},"35":{"start":{"line":63,"column":4},"end":{"line":63,"column":62}},"36":{"start":{"line":65,"column":36},"end":{"line":65,"column":44}},"37":{"start":{"line":66,"column":53},"end":{"line":66,"column":58}},"38":{"start":{"line":67,"column":2},"end":{"line":77,"column":5}},"39":{"start":{"line":73,"column":6},"end":{"line":73,"column":77}},"40":{"start":{"line":74,"column":6},"end":{"line":74,"column":77}},"41":{"start":{"line":75,"column":6},"end":{"line":75,"column":54}},"42":{"start":{"line":76,"column":6},"end":{"line":76,"column":34}},"43":{"start":{"line":80,"column":2},"end":{"line":80,"column":23}}},"fnMap":{"0":{"name":"(anonymous_0)","decl":{"start":{"line":7,"column":21},"end":{"line":7,"column":22}},"loc":{"start":{"line":7,"column":41},"end":{"line":10,"column":1}},"line":7},"1":{"name":"(anonymous_1)","decl":{"start":{"line":12,"column":24},"end":{"line":12,"column":25}},"loc":{"start":{"line":12,"column":56},"end":{"line":22,"column":1}},"line":12},"2":{"name":"(anonymous_2)","decl":{"start":{"line":15,"column":48},"end":{"line":15,"column":49}},"loc":{"start":{"line":15,"column":57},"end":{"line":21,"column":3}},"line":15},"3":{"name":"(anonymous_3)","decl":{"start":{"line":24,"column":28},"end":{"line":24,"column":29}},"loc":{"start":{"line":24,"column":45},"end":{"line":33,"column":1}},"line":24},"4":{"name":"(anonymous_4)","decl":{"start":{"line":27,"column":22},"end":{"line":27,"column":23}},"loc":{"start":{"line":27,"column":37},"end":{"line":31,"column":3}},"line":27},"5":{"name":"(anonymous_5)","decl":{"start":{"line":35,"column":24},"end":{"line":35,"column":25}},"loc":{"start":{"line":35,"column":38},"end":{"line":50,"column":1}},"line":35}},"branchMap":{"0":{"loc":{"start":{"line":12,"column":37},"end":{"line":12,"column":51}},"type":"default-arg","locations":[{"start":{"line":12,"column":47},"end":{"line":12,"column":51}}],"line":12},"1":{"loc":{"start":{"line":14,"column":2},"end":{"line":14,"column":36}},"type":"if","locations":[{"start":{"line":14,"column":2},"end":{"line":14,"column":36}},{"start":{},"end":{}}],"line":14},"2":{"loc":{"start":{"line":16,"column":4},"end":{"line":19,"column":5}},"type":"if","locations":[{"start":{"line":16,"column":4},"end":{"line":19,"column":5}},{"start":{},"end":{}}],"line":16},"3":{"loc":{"start":{"line":28,"column":4},"end":{"line":30,"column":5}},"type":"if","locations":[{"start":{"line":28,"column":4},"end":{"line":30,"column":5}},{"start":{},"end":{}}],"line":28},"4":{"loc":{"start":{"line":37,"column":4},"end":{"line":48,"column":5}},"type":"if","locations":[{"start":{"line":37,"column":4},"end":{"line":48,"column":5}},{"start":{},"end":{}}],"line":37},"5":{"loc":{"start":{"line":39,"column":6},"end":{"line":47,"column":9}},"type":"if","locations":[{"start":{"line":39,"column":6},"end":{"line":47,"column":9}},{"start":{},"end":{}}],"line":39},"6":{"loc":{"start":{"line":40,"column":8},"end":{"line":43,"column":31}},"type":"binary-expr","locations":[{"start":{"line":40,"column":8},"end":{"line":40,"column":32}},{"start":{"line":41,"column":8},"end":{"line":41,"column":37}},{"start":{"line":42,"column":8},"end":{"line":42,"column":36}},{"start":{"line":43,"column":8},"end":{"line":43,"column":31}}],"line":40},"7":{"loc":{"start":{"line":57,"column":2},"end":{"line":64,"column":3}},"type":"if","locations":[{"start":{"line":57,"column":2},"end":{"line":64,"column":3}},{"start":{"line":59,"column":9},"end":{"line":64,"column":3}}],"line":57},"8":{"loc":{"start":{"line":57,"column":6},"end":{"line":57,"column":71}},"type":"binary-expr","locations":[{"start":{"line":57,"column":6},"end":{"line":57,"column":34}},{"start":{"line":57,"column":38},"end":{"line":57,"column":71}}],"line":57},"9":{"loc":{"start":{"line":67,"column":2},"end":{"line":77,"column":5}},"type":"if","locations":[{"start":{"line":67,"column":2},"end":{"line":77,"column":5}},{"start":{},"end":{}}],"line":67},"10":{"loc":{"start":{"line":68,"column":4},"end":{"line":71,"column":31}},"type":"binary-expr","locations":[{"start":{"line":68,"column":4},"end":{"line":68,"column":28}},{"start":{"line":69,"column":4},"end":{"line":69,"column":33}},{"start":{"line":70,"column":4},"end":{"line":70,"column":32}},{"start":{"line":71,"column":4},"end":{"line":71,"column":31}}],"line":68}},"s":{"0":0,"1":0,"2":0,"3":0,"4":0,"5":0,"6":0,"7":0,"8":0,"9":0,"10":0,"11":0,"12":0,"13":0,"14":0,"15":0,"16":0,"17":0,"18":0,"19":0,"20":0,"21":0,"22":0,"23":0,"24":0,"25":0,"26":0,"27":0,"28":0,"29":0,"30":0,"31":0,"32":0,"33":0,"34":0,"35":0,"36":0,"37":0,"38":0,"39":0,"40":0,"41":0,"42":0,"43":0},"f":{"0":0,"1":0,"2":0,"3":0,"4":0,"5":0},"b":{"0":[0],"1":[0,0],"2":[0,0],"3":[0,0],"4":[0,0],"5":[0,0],"6":[0,0,0,0],"7":[0,0],"8":[0,0],"9":[0,0],"10":[0,0,0,0]}}}}
